<?xml version="1.0" encoding="UTF-8"?>
<testsuite xmlns:xsi="http://www.w3.org/2001/XMLSchema-instance" xsi:noNamespaceSchemaLocation="https://maven.apache.org/surefire/maven-surefire-plugin/xsd/surefire-test-report-3.0.xsd" version="3.0" name="TestSuite" time="201.614" tests="18" errors="0" skipped="0" failures="1">
  <properties>
[...]
</properties>
  <testcase name="runScenario[&quot;Test AddTo Cart Button&quot;, &quot;Optional[DemoBlaze Buy Function]&quot;](1)" classname="DemoMyRunner.DemoTestRunner" time="16.412">
    <failure message="no such element: Unable to locate element: {&quot;method&quot;:&quot;xpath&quot;,&quot;selector&quot;:&quot;//*[@id=&quot;tbodyid&quot;]/div[1]/div/div/h4/a&quot;}&#10;  (Session info: chrome=94.0.4606.81)&#10;For documentation on this error, please visit: https://www.seleniumhq.org/exceptions/no_such_element.html&#10;Build info: version: &apos;3.141.59&apos;, revision: &apos;e82be7d358&apos;, time: &apos;2018-11-14T08:17:03&apos;&#10;System info: host: &apos;LAPTOP-2T0C603P&apos;, ip: &apos;192.168.225.147&apos;, os.name: &apos;Windows 10&apos;, os.arch: &apos;amd64&apos;, os.version: &apos;10.0&apos;, java.version: &apos;11.0.1&apos;&#10;Driver info: org.openqa.selenium.chrome.ChromeDriver&#10;Capabilities {acceptInsecureCerts: false, browserName: chrome, browserVersion: 94.0.4606.81, chrome: {chromedriverVersion: 94.0.4606.61 (418b78f5838ed..., userDataDir: C:\Users\ADARSH~1\AppData\L...}, goog:chromeOptions: {debuggerAddress: localhost:52084}, javascriptEnabled: true, networkConnectionEnabled: false, pageLoadStrategy: normal, platform: WINDOWS, platformName: WINDOWS, proxy: Proxy(), setWindowRect: true, strictFileInteractability: false, timeouts: {implicit: 0, pageLoad: 300000, script: 30000}, unhandledPromptBehavior: dismiss and notify, webauthn:extension:credBlob: true, webauthn:extension:largeBlob: true, webauthn:virtualAuthenticators: true}&#10;Session ID: 39419de0b11900e629691b2b114eeff9&#10;*** Element info: {Using=xpath, value=//*[@id=&quot;tbodyid&quot;]/div[1]/div/div/h4/a}" type="org.openqa.selenium.NoSuchElementException"><![CDATA[org.openqa.selenium.NoSuchElementException: 
no such element: Unable to locate element: {"method":"xpath","selector":"//*[@id="tbodyid"]/div[1]/div/div/h4/a"}
  (Session info: chrome=94.0.4606.81)
For documentation on this error, please visit: https://www.seleniumhq.org/exceptions/no_such_element.html
Build info: version: '3.141.59', revision: 'e82be7d358', time: '2018-11-14T08:17:03'
System info: host: 'LAPTOP-2T0C603P', ip: '192.168.225.147', os.name: 'Windows 10', os.arch: 'amd64', os.version: '10.0', java.version: '11.0.1'
Driver info: org.openqa.selenium.chrome.ChromeDriver
Capabilities {acceptInsecureCerts: false, browserName: chrome, browserVersion: 94.0.4606.81, chrome: {chromedriverVersion: 94.0.4606.61 (418b78f5838ed..., userDataDir: C:\Users\ADARSH~1\AppData\L...}, goog:chromeOptions: {debuggerAddress: localhost:52084}, javascriptEnabled: true, networkConnectionEnabled: false, pageLoadStrategy: normal, platform: WINDOWS, platformName: WINDOWS, proxy: Proxy(), setWindowRect: true, strictFileInteractability: false, timeouts: {implicit: 0, pageLoad: 300000, script: 30000}, unhandledPromptBehavior: dismiss and notify, webauthn:extension:credBlob: true, webauthn:extension:largeBlob: true, webauthn:virtualAuthenticators: true}
Session ID: 39419de0b11900e629691b2b114eeff9
*** Element info: {Using=xpath, value=//*[@id="tbodyid"]/div[1]/div/div/h4/a}
]]></failure>
    <system-err><![CDATA[SLF4J: Failed to load class "org.slf4j.impl.StaticLoggerBinder".
SLF4J: Defaulting to no-operation (NOP) logger implementation
SLF4J: See http://www.slf4j.org/codes.html#StaticLoggerBinder for further details.
Starting ChromeDriver 94.0.4606.61 (418b78f5838ed0b1c69bb4e51ea0252171854915-refs/branch-heads/4606@{#1204}) on port 2882
Only local connections are allowed.
Please see https://chromedriver.chromium.org/security-considerations for suggestions on keeping ChromeDriver safe.
ChromeDriver was started successfully.
Oct 11, 2021 1:04:28 PM org.openqa.selenium.remote.ProtocolHandshake createSession
INFO: Detected dialect: W3C
]]></system-err>
  </testcase>
  <testcase name="runScenario[&quot;Test Buy PopUp Window&quot;, &quot;Optional[DemoBlaze Buy Function]&quot;](2)" classname="DemoMyRunner.DemoTestRunner" time="9.724">
    <system-out><![CDATA[clicked on button
]]></system-out>
  </testcase>
  <testcase name="runScenario[&quot;Test online Payment Fuction&quot;, &quot;Optional[DemoBlaze Buy Function]&quot;](3)" classname="DemoMyRunner.DemoTestRunner" time="13.387">
    <system-out><![CDATA[clicked on button
]]></system-out>
  </testcase>
  <testcase name="runScenario[&quot;Test Buy Fuction for Invalid CreditCard&quot;, &quot;Optional[DemoBlaze Buy Function]&quot;](4)" classname="DemoMyRunner.DemoTestRunner" time="9.519">
    <system-out><![CDATA[clicked on button
Invalid Card Number
]]></system-out>
  </testcase>
  <testcase name="runScenario[&quot;Test Buy Fuction for Invalid Address&quot;, &quot;Optional[DemoBlaze Buy Function]&quot;](5)" classname="DemoMyRunner.DemoTestRunner" time="7.485">
    <system-out><![CDATA[clicked on button
Invalid Card country
Invalid city
Invalid Card Number
]]></system-out>
  </testcase>
  <testcase name="runScenario[&quot;To validate the sucessful Navigation to Demo_blaze Confirm booking page.&quot;, &quot;Optional[DemoBlaze Confirm booking Functionality]&quot;](6)" classname="DemoMyRunner.DemoTestRunner" time="0.024"/>
  <testcase name="runScenario[&quot;To validate the successfully Navigation to Demo_blaze Login page&quot;, &quot;Optional[DemoBlaze Login Functionality]&quot;](7)" classname="DemoMyRunner.DemoTestRunner" time="13.734">
    <system-err><![CDATA[Starting ChromeDriver 94.0.4606.61 (418b78f5838ed0b1c69bb4e51ea0252171854915-refs/branch-heads/4606@{#1204}) on port 20506
Only local connections are allowed.
Please see https://chromedriver.chromium.org/security-considerations for suggestions on keeping ChromeDriver safe.
ChromeDriver was started successfully.
Oct 11, 2021 1:05:17 PM org.openqa.selenium.remote.ProtocolHandshake createSession
INFO: Detected dialect: W3C
]]></system-err>
  </testcase>
  <testcase name="runScenario[&quot;Test Login Functionality&quot;, &quot;Optional[DemoBlaze Login Functionality]&quot;](8)" classname="DemoMyRunner.DemoTestRunner" time="19.515">
    <system-out><![CDATA[Welcome test
]]></system-out>
    <system-err><![CDATA[Starting ChromeDriver 94.0.4606.61 (418b78f5838ed0b1c69bb4e51ea0252171854915-refs/branch-heads/4606@{#1204}) on port 21300
Only local connections are allowed.
Please see https://chromedriver.chromium.org/security-considerations for suggestions on keeping ChromeDriver safe.
ChromeDriver was started successfully.
Oct 11, 2021 1:05:27 PM org.openqa.selenium.remote.ProtocolHandshake createSession
INFO: Detected dialect: W3C
]]></system-err>
  </testcase>
  <testcase name="runScenario[&quot;Test Login Functionality&quot;, &quot;Optional[DemoBlaze Login Functionality]&quot;](9)" classname="DemoMyRunner.DemoTestRunner" time="18.682">
    <system-out><![CDATA[Welcome admin
]]></system-out>
    <system-err><![CDATA[Starting ChromeDriver 94.0.4606.61 (418b78f5838ed0b1c69bb4e51ea0252171854915-refs/branch-heads/4606@{#1204}) on port 23116
Only local connections are allowed.
Please see https://chromedriver.chromium.org/security-considerations for suggestions on keeping ChromeDriver safe.
ChromeDriver was started successfully.
Oct 11, 2021 1:05:53 PM org.openqa.selenium.remote.ProtocolHandshake createSession
INFO: Detected dialect: W3C
]]></system-err>
  </testcase>
  <testcase name="runScenario[&quot;Test Login Functionality with invalid data.&quot;, &quot;Optional[DemoBlaze Login Functionality]&quot;](10)" classname="DemoMyRunner.DemoTestRunner" time="13.419">
    <system-out><![CDATA[Wrong password.
]]></system-out>
    <system-err><![CDATA[Starting ChromeDriver 94.0.4606.61 (418b78f5838ed0b1c69bb4e51ea0252171854915-refs/branch-heads/4606@{#1204}) on port 24726
Only local connections are allowed.
Please see https://chromedriver.chromium.org/security-considerations for suggestions on keeping ChromeDriver safe.
ChromeDriver was started successfully.
Oct 11, 2021 1:06:06 PM org.openqa.selenium.remote.ProtocolHandshake createSession
INFO: Detected dialect: W3C
]]></system-err>
  </testcase>
  <testcase name="runScenario[&quot;Test Login Functionality with invalid data.&quot;, &quot;Optional[DemoBlaze Login Functionality]&quot;](11)" classname="DemoMyRunner.DemoTestRunner" time="10.313">
    <system-out><![CDATA[Wrong password.
]]></system-out>
    <system-err><![CDATA[Starting ChromeDriver 94.0.4606.61 (418b78f5838ed0b1c69bb4e51ea0252171854915-refs/branch-heads/4606@{#1204}) on port 32014
Only local connections are allowed.
Please see https://chromedriver.chromium.org/security-considerations for suggestions on keeping ChromeDriver safe.
ChromeDriver was started successfully.
Oct 11, 2021 1:06:18 PM org.openqa.selenium.remote.ProtocolHandshake createSession
INFO: Detected dialect: W3C
]]></system-err>
  </testcase>
  <testcase name="runScenario[&quot;To validate the sucessful Navigation to Demo_blaze Signup page&quot;, &quot;Optional[DemoBlaze Registration Functionality]&quot;](12)" classname="DemoMyRunner.DemoTestRunner" time="4.89">
    <system-err><![CDATA[Starting ChromeDriver 94.0.4606.61 (418b78f5838ed0b1c69bb4e51ea0252171854915-refs/branch-heads/4606@{#1204}) on port 48899
Only local connections are allowed.
Please see https://chromedriver.chromium.org/security-considerations for suggestions on keeping ChromeDriver safe.
ChromeDriver was started successfully.
Oct 11, 2021 1:06:28 PM org.openqa.selenium.remote.ProtocolHandshake createSession
INFO: Detected dialect: W3C
]]></system-err>
  </testcase>
  <testcase name="runScenario[&quot;Test Registration Functionality&quot;, &quot;Optional[DemoBlaze Registration Functionality]&quot;](13)" classname="DemoMyRunner.DemoTestRunner" time="8.762">
    <system-out><![CDATA[test test123
This user already exist.
]]></system-out>
    <system-err><![CDATA[Starting ChromeDriver 94.0.4606.61 (418b78f5838ed0b1c69bb4e51ea0252171854915-refs/branch-heads/4606@{#1204}) on port 46644
Only local connections are allowed.
Please see https://chromedriver.chromium.org/security-considerations for suggestions on keeping ChromeDriver safe.
ChromeDriver was started successfully.
Oct 11, 2021 1:06:33 PM org.openqa.selenium.remote.ProtocolHandshake createSession
INFO: Detected dialect: W3C
]]></system-err>
  </testcase>
  <testcase name="runScenario[&quot;Test Registration Functionality&quot;, &quot;Optional[DemoBlaze Registration Functionality]&quot;](14)" classname="DemoMyRunner.DemoTestRunner" time="11.168">
    <system-out><![CDATA[abc abc123
This user already exist.
]]></system-out>
    <system-err><![CDATA[Starting ChromeDriver 94.0.4606.61 (418b78f5838ed0b1c69bb4e51ea0252171854915-refs/branch-heads/4606@{#1204}) on port 16732
Only local connections are allowed.
Please see https://chromedriver.chromium.org/security-considerations for suggestions on keeping ChromeDriver safe.
ChromeDriver was started successfully.
Oct 11, 2021 1:06:43 PM org.openqa.selenium.remote.ProtocolHandshake createSession
INFO: Detected dialect: W3C
]]></system-err>
  </testcase>
  <testcase name="runScenario[&quot;To validate that user can filter products by PHONE category&quot;, &quot;Optional[DemoBlaze Search Functionality]&quot;](15)" classname="DemoMyRunner.DemoTestRunner" time="7.306">
    <system-err><![CDATA[Starting ChromeDriver 94.0.4606.61 (418b78f5838ed0b1c69bb4e51ea0252171854915-refs/branch-heads/4606@{#1204}) on port 46331
Only local connections are allowed.
Please see https://chromedriver.chromium.org/security-considerations for suggestions on keeping ChromeDriver safe.
ChromeDriver was started successfully.
Oct 11, 2021 1:06:53 PM org.openqa.selenium.remote.ProtocolHandshake createSession
INFO: Detected dialect: W3C
]]></system-err>
  </testcase>
  <testcase name="runScenario[&quot;To validate that user can filter products by LAPTOP category&quot;, &quot;Optional[DemoBlaze Search Functionality]&quot;](16)" classname="DemoMyRunner.DemoTestRunner" time="7.237">
    <system-err><![CDATA[Starting ChromeDriver 94.0.4606.61 (418b78f5838ed0b1c69bb4e51ea0252171854915-refs/branch-heads/4606@{#1204}) on port 4579
Only local connections are allowed.
Please see https://chromedriver.chromium.org/security-considerations for suggestions on keeping ChromeDriver safe.
ChromeDriver was started successfully.
Oct 11, 2021 1:07:00 PM org.openqa.selenium.remote.ProtocolHandshake createSession
INFO: Detected dialect: W3C
]]></system-err>
  </testcase>
  <testcase name="runScenario[&quot;To validate that user can filter products by MONITORS category&quot;, &quot;Optional[DemoBlaze Search Functionality]&quot;](17)" classname="DemoMyRunner.DemoTestRunner" time="9.657">
    <system-err><![CDATA[Starting ChromeDriver 94.0.4606.61 (418b78f5838ed0b1c69bb4e51ea0252171854915-refs/branch-heads/4606@{#1204}) on port 1849
Only local connections are allowed.
Please see https://chromedriver.chromium.org/security-considerations for suggestions on keeping ChromeDriver safe.
ChromeDriver was started successfully.
Oct 11, 2021 1:07:09 PM org.openqa.selenium.remote.ProtocolHandshake createSession
INFO: Detected dialect: W3C
]]></system-err>
  </testcase>
  <testcase name="runScenario[&quot;To validate that add to cart button is functional.&quot;, &quot;Optional[DemoBlaze Search Functionality]&quot;](18)" classname="DemoMyRunner.DemoTestRunner" time="16.721">
    <system-out><![CDATA[Alert accepted.
1
Samsung galaxy s6|||Samsung galaxy s6
true
]]></system-out>
    <system-err><![CDATA[Starting ChromeDriver 94.0.4606.61 (418b78f5838ed0b1c69bb4e51ea0252171854915-refs/branch-heads/4606@{#1204}) on port 13234
Only local connections are allowed.
Please see https://chromedriver.chromium.org/security-considerations for suggestions on keeping ChromeDriver safe.
ChromeDriver was started successfully.
Oct 11, 2021 1:07:17 PM org.openqa.selenium.remote.ProtocolHandshake createSession
INFO: Detected dialect: W3C
]]></system-err>
  </testcase>
</testsuite>